Engine-Match Tuesday, August 5, 2025 4:45:43 PM
 Tournament Game in One Minute 

Pairing 1/1 :    Rybka 2.3.2a 64 bit  -  Vice

PGN-File: C:\Users\tomas.hindrich\Downloads\arena_3.5.1\Arena.pgn

No:  B/W 1/2     W:B       1:2           Time        Value Moves Dep 1:2       1-2-Draws
   2 B 1    1.0:0.0        2.0:0.0       4:47:13 PM      -M3    35 10.091 :8.519  2-0-0

--------------------------------------------------------------

Engine-Match Tuesday, August 5, 2025 5:03:34 PM
 Tournament Game in One Minute 

Pairing 1/1 :    Rybka 2.3.2a 64 bit  -  Vice [001]

PGN-File: C:\Users\tomas.hindrich\Downloads\arena_3.5.1\Arena.pgn

No:  B/W 1/2     W:B       1:2           Time        Value Moves Dep 1:2       1-2-Draws
   1 W 1    1.0:0.0        1.0:0.0       5:05:09 PM   +14.25    33 10.576 :13.724  1-0-0
   1 = =    0.5:0.5        0.5:0.5       5:07:18 PM     0.00    35 14.636 :14.524  0-0-1

--------------------------------------------------------------

Engine-Match Tuesday, August 5, 2025 7:12:32 PM
 Blitz 3/1 

Pairing 1/1 :    Vice [001]  -  Vice_prunning

PGN-File: C:\Users\tomas\Downloads\arena_3.5.1\Arena.pgn

No:  B/W 1/2     W:B       1:2           Time        Value Moves Dep 1:2       1-2-Draws

--------------------------------------------------------------

Engine-Match Tuesday, August 5, 2025 7:12:57 PM
 Blitz 3/1 

Pairing 1/1 :    Vice [001]  -  Vice_prunning

PGN-File: C:\Users\tomas\Downloads\arena_3.5.1\Arena.pgn

No:  B/W 1/2     W:B       1:2           Time        Value Moves Dep 1:2       1-2-Draws
   1 * *     0.0:0.0        0.0:0.0       7:13:23 PM     0.00     0 0:0 0-0-0

--------------------------------------------------------------

Engine-Match Tuesday, August 5, 2025 11:04:35 PM
 Blitz 3/1 

Pairing 1/1 :    Vice_64bit_LMR_endgame_strong  -  Vice_NNUE

PGN-File: C:\Users\tomas\Downloads\arena_3.5.1\Arena.pgn

No:  B/W 1/2     W:B       1:2           Time        Value Moves Dep 1:2       1-2-Draws
   1 * *     0.0:0.0        0.0:0.0       11:06:34 PM     0.00     9 9.111 :20.778  0-0-0
   1 * *     0.0:0.0        0.0:0.0       11:10:38 PM     0.00     5 9.200 :20.800  0-0-0

--------------------------------------------------------------

Engine-Match Tuesday, August 5, 2025 11:12:05 PM
 Blitz 3/1 

Pairing 1/1 :    Vice_64bit_LMR_endgame_strong  -  Vice_nnue

PGN-File: C:\Users\tomas\Downloads\arena_3.5.1\Arena.pgn

No:  B/W 1/2     W:B       1:2           Time        Value Moves Dep 1:2       1-2-Draws
   1 * *     0.0:0.0        0.0:0.0       11:13:22 PM     0.00     5 9.400 :21.600  0-0-0
   1 W 1    1.0:0.0        1.0:0.0       11:17:06 PM      +M3    17 8.765 :19.250  1-0-0

--------------------------------------------------------------

Engine-Match Tuesday, August 5, 2025 11:22:55 PM
 Blitz 3/1 

Pairing 1/1 :    Vice_64bit_LMR_endgame_strong  -  Vice_nnue

PGN-File: C:\Users\tomas\Downloads\arena_3.5.1\Arena.pgn

No:  B/W 1/2     W:B       1:2           Time        Value Moves Dep 1:2       1-2-Draws
   2 B 1    1.0:0.0        2.0:0.0       11:27:35 PM     0.00    13 8.077 :3.778  2-0-0

--------------------------------------------------------------

Engine-Match Wednesday, August 6, 2025 12:19:52 AM
 Blitz 3/1 

Pairing 1/1 :    Vice_64bit_LMR_endgame_strong  -  Vice_nnue

PGN-File: C:\Users\tomas\Downloads\arena_3.5.1\Arena.pgn

No:  B/W 1/2     W:B       1:2           Time        Value Moves Dep 1:2       1-2-Draws
   3 * *     0.0:0.0        2.0:0.0       12:24:15 AM    +2.19    10 9.200 :2.667  2-0-0

--------------------------------------------------------------

Engine-Match Wednesday, August 6, 2025 2:47:29 PM
 Tournament Game in One Minute 

Pairing 1/1 :    Vice_original  -  Vice_nnue

PGN-File: C:\Users\tomas.hindrich\Downloads\arena_3.5.1\Arena.pgn

No:  B/W 1/2     W:B       1:2           Time        Value Moves Dep 1:2       1-2-Draws
   1 = =    0.5:0.5        0.5:0.5       2:50:24 PM     0.00    85 8.478 :10.500  0-0-1
